{
  "0 debug pnpm:scope": {
    "selected": 1
  },
  "1 debug pnpm:package-manifest": {
    "initial": {
      "name": "vu-kr-chat",
      "version": "0.0.1",
      "scripts": {
        "dev": "svelte-kit dev",
        "build": "svelte-kit build",
        "package": "svelte-kit package",
        "preview": "svelte-kit preview",
        "check": "svelte-check --tsconfig ./tsconfig.json",
        "check:watch": "svelte-check --tsconfig ./tsconfig.json --watch",
        "lint": "prettier --ignore-path .gitignore --check --plugin-search-dir=. . && eslint --ignore-path .gitignore .",
        "format": "prettier --ignore-path .gitignore --write --plugin-search-dir=. ."
      },
      "devDependencies": {
        "@sveltejs/adapter-auto": "next",
        "@sveltejs/kit": "next",
        "@typescript-eslint/eslint-plugin": "^5.10.1",
        "@typescript-eslint/parser": "^5.10.1",
        "eslint": "^7.32.0",
        "eslint-config-prettier": "^8.3.0",
        "eslint-plugin-svelte3": "^3.2.1",
        "prettier": "^2.4.1",
        "prettier-plugin-svelte": "^2.4.0",
        "svelte": "^3.44.0",
        "svelte-check": "^2.2.6",
        "svelte-preprocess": "^4.9.4",
        "tslib": "^2.3.1",
        "typescript": "^4.4.3"
      },
      "type": "module"
    },
    "prefix": "C:\\Users\\Fez\\vu-kr-chat"
  },
  "2 debug pnpm:context": {
    "currentLockfileExists": false,
    "storeDir": "C:\\Users\\Fez\\.pnpm-store\\v3",
    "virtualStoreDir": "C:\\Users\\Fez\\vu-kr-chat\\node_modules\\.pnpm"
  },
  "3 debug pnpm:stage": {
    "prefix": "C:\\Users\\Fez\\vu-kr-chat",
    "stage": "resolution_started"
  },
  "4 debug pnpm:update-check": {
    "currentVersion": "6.30.1",
    "latestVersion": "6.30.1"
  },
  "5 debug pnpm:_dependency_resolved": {
    "resolution": "registry.npmjs.org/eslint-plugin-svelte3/3.4.0",
    "wanted": {
      "dependentId": ".",
      "name": "eslint-plugin-svelte3",
      "rawSpec": "^3.2.1"
    }
  },
  "6 debug pnpm:progress": {
    "packageId": "registry.npmjs.org/eslint-plugin-svelte3/3.4.0",
    "requester": "C:\\Users\\Fez\\vu-kr-chat",
    "status": "resolved"
  },
  "7 debug pnpm:_dependency_resolved": {
    "resolution": "registry.npmjs.org/prettier/2.5.1",
    "wanted": {
      "dependentId": ".",
      "name": "prettier",
      "rawSpec": "^2.4.1"
    }
  },
  "8 debug pnpm:progress": {
    "packageId": "registry.npmjs.org/prettier/2.5.1",
    "requester": "C:\\Users\\Fez\\vu-kr-chat",
    "status": "resolved"
  },
  "9 debug pnpm:_dependency_resolved": {
    "resolution": "registry.npmjs.org/svelte-check/2.4.3",
    "wanted": {
      "dependentId": ".",
      "name": "svelte-check",
      "rawSpec": "^2.2.6"
    }
  },
  "10 debug pnpm:progress": {
    "packageId": "registry.npmjs.org/svelte-check/2.4.3",
    "requester": "C:\\Users\\Fez\\vu-kr-chat",
    "status": "resolved"
  },
  "11 debug pnpm:fetching-progress": {
    "attempt": 1,
    "packageId": "registry.npmjs.org/eslint-plugin-svelte3/3.4.0",
    "size": 13134,
    "status": "started"
  },
  "12 debug pnpm:_dependency_resolved": {
    "resolution": "registry.npmjs.org/eslint/7.32.0",
    "wanted": {
      "dependentId": ".",
      "name": "eslint",
      "rawSpec": "^7.32.0"
    }
  },
  "13 debug pnpm:progress": {
    "packageId": "registry.npmjs.org/eslint/7.32.0",
    "requester": "C:\\Users\\Fez\\vu-kr-chat",
    "status": "resolved"
  },
  "14 debug pnpm:_dependency_resolved": {
    "resolution": "registry.npmjs.org/prettier-plugin-svelte/2.6.0",
    "wanted": {
      "dependentId": ".",
      "name": "prettier-plugin-svelte",
      "rawSpec": "^2.4.0"
    }
  },
  "15 debug pnpm:progress": {
    "packageId": "registry.npmjs.org/prettier-plugin-svelte/2.6.0",
    "requester": "C:\\Users\\Fez\\vu-kr-chat",
    "status": "resolved"
  },
  "16 debug pnpm:fetching-progress": {
    "attempt": 1,
    "packageId": "registry.npmjs.org/prettier/2.5.1",
    "size": 4582148,
    "status": "started"
  },
  "17 debug pnpm:fetching-progress": {
    "attempt": 1,
    "packageId": "registry.npmjs.org/svelte-check/2.4.3",
    "size": 682864,
    "status": "started"
  },
  "18 debug pnpm:fetching-progress": {
    "attempt": 1,
    "packageId": "registry.npmjs.org/eslint/7.32.0",
    "size": 672397,
    "status": "started"
  },
  "19 debug pnpm:progress": {
    "packageId": "registry.npmjs.org/eslint-plugin-svelte3/3.4.0",
    "requester": "C:\\Users\\Fez\\vu-kr-chat",
    "status": "fetched"
  },
  "20 debug pnpm:fetching-progress": {
    "attempt": 1,
    "packageId": "registry.npmjs.org/prettier-plugin-svelte/2.6.0",
    "size": 48971,
    "status": "started"
  },
  "21 warn pnpm:install-check": {
    "message": "Unsupported engine for registry.npmjs.org/@typescript-eslint/parser/5.11.0: wanted: {\"node\":\"^12.22.0 || ^14.17.0 || >=16.0.0\"} (current: {\"node\":\"v12.18.3\",\"pnpm\":\"6.30.1\"})",
    "prefix": "C:\\Users\\Fez\\vu-kr-chat"
  },
  "22 error pnpm": {
    "code": "ERR_PNPM_UNSUPPORTED_ENGINE",
    "packageId": "registry.npmjs.org/@typescript-eslint/parser/5.11.0",
    "wanted": {
      "node": "^12.22.0 || ^14.17.0 || >=16.0.0"
    },
    "current": {
      "node": "v12.18.3",
      "pnpm": "6.30.1"
    },
    "pkgsStack": [],
    "err": {
      "name": "pnpm",
      "message": "Unsupported engine for registry.npmjs.org/@typescript-eslint/parser/5.11.0: wanted: {\"node\":\"^12.22.0 || ^14.17.0 || >=16.0.0\"} (current: {\"node\":\"v12.18.3\",\"pnpm\":\"6.30.1\"})",
      "code": "ERR_PNPM_UNSUPPORTED_ENGINE",
      "stack": "pnpm: Unsupported engine for registry.npmjs.org/@typescript-eslint/parser/5.11.0: wanted: {\"node\":\"^12.22.0 || ^14.17.0 || >=16.0.0\"} (current: {\"node\":\"v12.18.3\",\"pnpm\":\"6.30.1\"})\n    at checkEngine (C:\\Users\\Fez\\scoop\\persist\\nvm\\nodejs\\v12.18.3\\node_modules\\pnpm\\dist\\pnpm.cjs:41250:16)\n    at checkPackage (C:\\Users\\Fez\\scoop\\persist\\nvm\\nodejs\\v12.18.3\\node_modules\\pnpm\\dist\\pnpm.cjs:43346:104)\n    at packageIsInstallable (C:\\Users\\Fez\\scoop\\persist\\nvm\\nodejs\\v12.18.3\\node_modules\\pnpm\\dist\\pnpm.cjs:43316:20)\n    at resolveAndFetch (C:\\Users\\Fez\\scoop\\persist\\nvm\\nodejs\\v12.18.3\\node_modules\\pnpm\\dist\\pnpm.cjs:74480:117)\n    at runMicrotasks (<anonymous>)\n    at processTicksAndRejections (internal/process/task_queues.js:97:5)\n    at async resolveDependency (C:\\Users\\Fez\\scoop\\persist\\nvm\\nodejs\\v12.18.3\\node_modules\\pnpm\\dist\\pnpm.cjs:116066:23)\n    at async resolveDependenciesOfDependency (C:\\Users\\Fez\\scoop\\persist\\nvm\\nodejs\\v12.18.3\\node_modules\\pnpm\\dist\\pnpm.cjs:115901:39)\n    at async Promise.all (index 3)\n    at async resolveDependencies (C:\\Users\\Fez\\scoop\\persist\\nvm\\nodejs\\v12.18.3\\node_modules\\pnpm\\dist\\pnpm.cjs:115868:29)"
    }
  }
}